# JRE version: OpenJDK Runtime Environment Temurin-17.0.2+8 (17.0.2+8) (build 17.0.2+8)
# Java VM: OpenJDK 64-Bit Server VM Temurin-17.0.2+8 (17.0.2+8, mixed mode, tiered, compressed oops, compressed class ptrs, parallel gc, linux-amd64)
GC Precious Log:
 CPUs: 8 total, 8 available
 Memory: 3893M
 Large Page Support: Disabled
 NUMA Support: Disabled
 Compressed Oops: Enabled (32-bit)
 Alignments: Space 512K, Generation 512K, Heap 2M
 Heap Min Capacity: 100M
 Heap Initial Capacity: 100M
 Heap Max Capacity: 1G
 Pre-touch: Disabled
 Parallel Workers: 8
Heap:
 PSYoungGen      total 153600K, used 31731K [0x00000000eab00000, 0x00000000f6000000, 0x0000000100000000)
  eden space 121856K, 0% used [0x00000000eab00000,0x00000000eab00000,0x00000000f2200000)
  from space 31744K, 99% used [0x00000000f4100000,0x00000000f5ffcdb8,0x00000000f6000000)
  to   space 30208K, 0% used [0x00000000f2280000,0x00000000f2280000,0x00000000f4000000)
 ParOldGen       total 508416K, used 504174K [0x00000000c0000000, 0x00000000df080000, 0x00000000eab00000)
  object space 508416K, 99% used [0x00000000c0000000,0x00000000dec5b9a0,0x00000000df080000)
 Metaspace       used 99597K, committed 100736K, reserved 1146880K
  class space    used 10012K, committed 10496K, reserved 1048576K
GC Heap History (20 events):
Event: 9272.360 GC heap after
{Heap after GC invocations=3361 (full 127):
 PSYoungGen      total 126976K, used 41967K [0x00000000eab00000, 0x00000000ff700000, 0x0000000100000000)
  eden space 84992K, 0% used [0x00000000eab00000,0x00000000eab00000,0x00000000efe00000)
  from space 41984K, 99% used [0x00000000f5f00000,0x00000000f87fbf88,0x00000000f8800000)
  to   space 99328K, 0% used [0x00000000efe00000,0x00000000efe00000,0x00000000f5f00000)
 ParOldGen       total 416256K, used 330658K [0x00000000c0000000, 0x00000000d9680000, 0x00000000eab00000)
  object space 416256K, 79% used [0x00000000c0000000,0x00000000d42e8a60,0x00000000d9680000)
 Metaspace       used 99324K, committed 100480K, reserved 1146880K
  class space    used 9990K, committed 10496K, reserved 1048576K
}
Event: 9272.566 GC heap before
{Heap before GC invocations=3362 (full 127):
 PSYoungGen      total 126976K, used 126959K [0x00000000eab00000, 0x00000000ff700000, 0x0000000100000000)
  eden space 84992K, 100% used [0x00000000eab00000,0x00000000efe00000,0x00000000efe00000)
  from space 41984K, 99% used [0x00000000f5f00000,0x00000000f87fbf88,0x00000000f8800000)
  to   space 99328K, 0% used [0x00000000efe00000,0x00000000efe00000,0x00000000f5f00000)
 ParOldGen       total 416256K, used 330658K [0x00000000c0000000, 0x00000000d9680000, 0x00000000eab00000)
  object space 416256K, 79% used [0x00000000c0000000,0x00000000d42e8a60,0x00000000d9680000)
 Metaspace       used 99377K, committed 100480K, reserved 1146880K
  class space    used 9990K, committed 10496K, reserved 1048576K
}
Event: 9272.653 GC heap after
{Heap after GC invocations=3362 (full 127):
 PSYoungGen      total 105984K, used 20818K [0x00000000eab00000, 0x00000000f6100000, 0x0000000100000000)
  eden space 84992K, 0% used [0x00000000eab00000,0x00000000eab00000,0x00000000efe00000)
  from space 20992K, 99% used [0x00000000efe00000,0x00000000f1254ba0,0x00000000f1280000)
  to   space 46080K, 0% used [0x00000000f3400000,0x00000000f3400000,0x00000000f6100000)
 ParOldGen       total 416256K, used 372693K [0x00000000c0000000, 0x00000000d9680000, 0x00000000eab00000)
  object space 416256K, 89% used [0x00000000c0000000,0x00000000d6bf5548,0x00000000d9680000)
 Metaspace       used 99377K, committed 100480K, reserved 1146880K
  class space    used 9990K, committed 10496K, reserved 1048576K
}
Event: 9272.653 GC heap before
{Heap before GC invocations=3363 (full 128):
 PSYoungGen      total 105984K, used 20818K [0x00000000eab00000, 0x00000000f6100000, 0x0000000100000000)
  eden space 84992K, 0% used [0x00000000eab00000,0x00000000eab00000,0x00000000efe00000)
  from space 20992K, 99% used [0x00000000efe00000,0x00000000f1254ba0,0x00000000f1280000)
  to   space 46080K, 0% used [0x00000000f3400000,0x00000000f3400000,0x00000000f6100000)
 ParOldGen       total 416256K, used 372693K [0x00000000c0000000, 0x00000000d9680000, 0x00000000eab00000)
  object space 416256K, 89% used [0x00000000c0000000,0x00000000d6bf5548,0x00000000d9680000)
 Metaspace       used 99377K, committed 100480K, reserved 1146880K
  class space    used 9990K, committed 10496K, reserved 1048576K
}
Event: 9273.076 GC heap after
{Heap after GC invocations=3363 (full 128):
 PSYoungGen      total 139264K, used 0K [0x00000000eab00000, 0x00000000f6080000, 0x0000000100000000)
  eden space 93696K, 0% used [0x00000000eab00000,0x00000000eab00000,0x00000000f0680000)
  from space 45568K, 0% used [0x00000000f3400000,0x00000000f3400000,0x00000000f6080000)
  to   space 46080K, 0% used [0x00000000f0680000,0x00000000f0680000,0x00000000f3380000)
 ParOldGen       total 508416K, used 369094K [0x00000000c0000000, 0x00000000df080000, 0x00000000eab00000)
  object space 508416K, 72% used [0x00000000c0000000,0x00000000d68718b0,0x00000000df080000)
 Metaspace       used 99377K, committed 100480K, reserved 1146880K
  class space    used 9990K, committed 10496K, reserved 1048576K
}
Event: 9273.260 GC heap before
{Heap before GC invocations=3364 (full 128):
 PSYoungGen      total 139264K, used 93696K [0x00000000eab00000, 0x00000000f6080000, 0x0000000100000000)
  eden space 93696K, 100% used [0x00000000eab00000,0x00000000f0680000,0x00000000f0680000)
  from space 45568K, 0% used [0x00000000f3400000,0x00000000f3400000,0x00000000f6080000)
  to   space 46080K, 0% used [0x00000000f0680000,0x00000000f0680000,0x00000000f3380000)
 ParOldGen       total 508416K, used 369094K [0x00000000c0000000, 0x00000000df080000, 0x00000000eab00000)
  object space 508416K, 72% used [0x00000000c0000000,0x00000000d68718b0,0x00000000df080000)
 Metaspace       used 99446K, committed 100608K, reserved 1146880K
  class space    used 10006K, committed 10496K, reserved 1048576K
}
Event: 9273.271 GC heap after
{Heap after GC invocations=3364 (full 128):
 PSYoungGen      total 101376K, used 7485K [0x00000000eab00000, 0x00000000f3480000, 0x0000000100000000)
  eden space 93696K, 0% used [0x00000000eab00000,0x00000000eab00000,0x00000000f0680000)
  from space 7680K, 97% used [0x00000000f0680000,0x00000000f0dcf7b0,0x00000000f0e00000)
  to   space 16896K, 0% used [0x00000000f2400000,0x00000000f2400000,0x00000000f3480000)
 ParOldGen       total 508416K, used 369094K [0x00000000c0000000, 0x00000000df080000, 0x00000000eab00000)
  object space 508416K, 72% used [0x00000000c0000000,0x00000000d68718b0,0x00000000df080000)
 Metaspace       used 99446K, committed 100608K, reserved 1146880K
  class space    used 10006K, committed 10496K, reserved 1048576K
}
Event: 9273.539 GC heap before
{Heap before GC invocations=3365 (full 128):
 PSYoungGen      total 101376K, used 101181K [0x00000000eab00000, 0x00000000f3480000, 0x0000000100000000)
  eden space 93696K, 100% used [0x00000000eab00000,0x00000000f0680000,0x00000000f0680000)
  from space 7680K, 97% used [0x00000000f0680000,0x00000000f0dcf7b0,0x00000000f0e00000)
  to   space 16896K, 0% used [0x00000000f2400000,0x00000000f2400000,0x00000000f3480000)
 ParOldGen       total 508416K, used 369094K [0x00000000c0000000, 0x00000000df080000, 0x00000000eab00000)
  object space 508416K, 72% used [0x00000000c0000000,0x00000000d68718b0,0x00000000df080000)
 Metaspace       used 99520K, committed 100672K, reserved 1146880K
  class space    used 10011K, committed 10496K, reserved 1048576K
}
Event: 9273.566 GC heap after
{Heap after GC invocations=3365 (full 128):
 PSYoungGen      total 117248K, used 16864K [0x00000000eab00000, 0x00000000f3c00000, 0x0000000100000000)
  eden space 100352K, 0% used [0x00000000eab00000,0x00000000eab00000,0x00000000f0d00000)
  from space 16896K, 99% used [0x00000000f2400000,0x00000000f3478060,0x00000000f3480000)
  to   space 23552K, 0% used [0x00000000f0d00000,0x00000000f0d00000,0x00000000f2400000)
 ParOldGen       total 508416K, used 372849K [0x00000000c0000000, 0x00000000df080000, 0x00000000eab00000)
  object space 508416K, 73% used [0x00000000c0000000,0x00000000d6c1c5c8,0x00000000df080000)
 Metaspace       used 99520K, committed 100672K, reserved 1146880K
  class space    used 10011K, committed 10496K, reserved 1048576K
}
Event: 9273.747 GC heap before
{Heap before GC invocations=3366 (full 128):
 PSYoungGen      total 117248K, used 117216K [0x00000000eab00000, 0x00000000f3c00000, 0x0000000100000000)
  eden space 100352K, 100% used [0x00000000eab00000,0x00000000f0d00000,0x00000000f0d00000)
  from space 16896K, 99% used [0x00000000f2400000,0x00000000f3478060,0x00000000f3480000)
  to   space 23552K, 0% used [0x00000000f0d00000,0x00000000f0d00000,0x00000000f2400000)
 ParOldGen       total 508416K, used 372849K [0x00000000c0000000, 0x00000000df080000, 0x00000000eab00000)
  object space 508416K, 73% used [0x00000000c0000000,0x00000000d6c1c5c8,0x00000000df080000)
 Metaspace       used 99550K, committed 100736K, reserved 1146880K
  class space    used 10012K, committed 10496K, reserved 1048576K
}
Event: 9273.785 GC heap after
{Heap after GC invocations=3366 (full 128):
 PSYoungGen      total 123904K, used 12990K [0x00000000eab00000, 0x00000000f3480000, 0x0000000100000000)
  eden space 100352K, 0% used [0x00000000eab00000,0x00000000eab00000,0x00000000f0d00000)
  from space 23552K, 55% used [0x00000000f0d00000,0x00000000f19af8a0,0x00000000f2400000)
  to   space 15872K, 0% used [0x00000000f2500000,0x00000000f2500000,0x00000000f3480000)
 ParOldGen       total 508416K, used 389787K [0x00000000c0000000, 0x00000000df080000, 0x00000000eab00000)
  object space 508416K, 76% used [0x00000000c0000000,0x00000000d7ca6cb0,0x00000000df080000)
 Metaspace       used 99550K, committed 100736K, reserved 1146880K
  class space    used 10012K, committed 10496K, reserved 1048576K
}
Event: 9273.933 GC heap before
{Heap before GC invocations=3367 (full 128):
 PSYoungGen      total 123904K, used 113342K [0x00000000eab00000, 0x00000000f3480000, 0x0000000100000000)
  eden space 100352K, 100% used [0x00000000eab00000,0x00000000f0d00000,0x00000000f0d00000)
  from space 23552K, 55% used [0x00000000f0d00000,0x00000000f19af8a0,0x00000000f2400000)
  to   space 15872K, 0% used [0x00000000f2500000,0x00000000f2500000,0x00000000f3480000)
 ParOldGen       total 508416K, used 389787K [0x00000000c0000000, 0x00000000df080000, 0x00000000eab00000)
  object space 508416K, 76% used [0x00000000c0000000,0x00000000d7ca6cb0,0x00000000df080000)
 Metaspace       used 99552K, committed 100736K, reserved 1146880K
  class space    used 10012K, committed 10496K, reserved 1048576K
}
Event: 9273.952 GC heap after
{Heap after GC invocations=3367 (full 128):
 PSYoungGen      total 114688K, used 15852K [0x00000000eab00000, 0x00000000f4880000, 0x0000000100000000)
  eden space 98816K, 0% used [0x00000000eab00000,0x00000000eab00000,0x00000000f0b80000)
  from space 15872K, 99% used [0x00000000f2500000,0x00000000f347b378,0x00000000f3480000)
  to   space 26112K, 0% used [0x00000000f0b80000,0x00000000f0b80000,0x00000000f2500000)
 ParOldGen       total 508416K, used 397962K [0x00000000c0000000, 0x00000000df080000, 0x00000000eab00000)
  object space 508416K, 78% used [0x00000000c0000000,0x00000000d84a2a00,0x00000000df080000)
 Metaspace       used 99552K, committed 100736K, reserved 1146880K
  class space    used 10012K, committed 10496K, reserved 1048576K
}
Event: 9274.251 GC heap before
{Heap before GC invocations=3368 (full 128):
 PSYoungGen      total 114688K, used 114668K [0x00000000eab00000, 0x00000000f4880000, 0x0000000100000000)
  eden space 98816K, 100% used [0x00000000eab00000,0x00000000f0b80000,0x00000000f0b80000)
  from space 15872K, 99% used [0x00000000f2500000,0x00000000f347b378,0x00000000f3480000)
  to   space 26112K, 0% used [0x00000000f0b80000,0x00000000f0b80000,0x00000000f2500000)
 ParOldGen       total 508416K, used 397962K [0x00000000c0000000, 0x00000000df080000, 0x00000000eab00000)
  object space 508416K, 78% used [0x00000000c0000000,0x00000000d84a2a00,0x00000000df080000)
 Metaspace       used 99563K, committed 100736K, reserved 1146880K
  class space    used 10012K, committed 10496K, reserved 1048576K
}
Event: 9274.293 GC heap after
{Heap after GC invocations=3368 (full 128):
 PSYoungGen      total 124928K, used 26092K [0x00000000eab00000, 0x00000000f8800000, 0x0000000100000000)
  eden space 98816K, 0% used [0x00000000eab00000,0x00000000eab00000,0x00000000f0b80000)
  from space 26112K, 99% used [0x00000000f0b80000,0x00000000f24fb300,0x00000000f2500000)
  to   space 59392K, 0% used [0x00000000f4e00000,0x00000000f4e00000,0x00000000f8800000)
 ParOldGen       total 508416K, used 425517K [0x00000000c0000000, 0x00000000df080000, 0x00000000eab00000)
  object space 508416K, 83% used [0x00000000c0000000,0x00000000d9f8b4d0,0x00000000df080000)
 Metaspace       used 99563K, committed 100736K, reserved 1146880K
  class space    used 10012K, committed 10496K, reserved 1048576K
}
Event: 9274.633 GC heap before
{Heap before GC invocations=3369 (full 128):
 PSYoungGen      total 124928K, used 124908K [0x00000000eab00000, 0x00000000f8800000, 0x0000000100000000)
  eden space 98816K, 100% used [0x00000000eab00000,0x00000000f0b80000,0x00000000f0b80000)
  from space 26112K, 99% used [0x00000000f0b80000,0x00000000f24fb300,0x00000000f2500000)
  to   space 59392K, 0% used [0x00000000f4e00000,0x00000000f4e00000,0x00000000f8800000)
 ParOldGen       total 508416K, used 425517K [0x00000000c0000000, 0x00000000df080000, 0x00000000eab00000)
  object space 508416K, 83% used [0x00000000c0000000,0x00000000d9f8b4d0,0x00000000df080000)
 Metaspace       used 99566K, committed 100736K, reserved 1146880K
  class space    used 10012K, committed 10496K, reserved 1048576K
}
Event: 9274.896 GC heap after
{Heap after GC invocations=3369 (full 128):
 PSYoungGen      total 130560K, used 20751K [0x00000000eab00000, 0x00000000f6280000, 0x0000000100000000)
  eden space 109568K, 0% used [0x00000000eab00000,0x00000000eab00000,0x00000000f1600000)
  from space 20992K, 98% used [0x00000000f4e00000,0x00000000f6243fd8,0x00000000f6280000)
  to   space 32768K, 0% used [0x00000000f2280000,0x00000000f2280000,0x00000000f4280000)
 ParOldGen       total 508416K, used 451641K [0x00000000c0000000, 0x00000000df080000, 0x00000000eab00000)
  object space 508416K, 88% used [0x00000000c0000000,0x00000000db90e548,0x00000000df080000)
 Metaspace       used 99566K, committed 100736K, reserved 1146880K
  class space    used 10012K, committed 10496K, reserved 1048576K
}
Event: 9275.515 GC heap before
{Heap before GC invocations=3370 (full 128):
 PSYoungGen      total 130560K, used 130319K [0x00000000eab00000, 0x00000000f6280000, 0x0000000100000000)
  eden space 109568K, 100% used [0x00000000eab00000,0x00000000f1600000,0x00000000f1600000)
  from space 20992K, 98% used [0x00000000f4e00000,0x00000000f6243fd8,0x00000000f6280000)
  to   space 32768K, 0% used [0x00000000f2280000,0x00000000f2280000,0x00000000f4280000)
 ParOldGen       total 508416K, used 451641K [0x00000000c0000000, 0x00000000df080000, 0x00000000eab00000)
  object space 508416K, 88% used [0x00000000c0000000,0x00000000db90e548,0x00000000df080000)
 Metaspace       used 99581K, committed 100736K, reserved 1146880K
  class space    used 10012K, committed 10496K, reserved 1048576K
}
Event: 9275.669 GC heap after
{Heap after GC invocations=3370 (full 128):
 PSYoungGen      total 152064K, used 29816K [0x00000000eab00000, 0x00000000f6000000, 0x0000000100000000)
  eden space 121856K, 0% used [0x00000000eab00000,0x00000000eab00000,0x00000000f2200000)
  from space 30208K, 98% used [0x00000000f2280000,0x00000000f3f9e210,0x00000000f4000000)
  to   space 31744K, 0% used [0x00000000f4100000,0x00000000f4100000,0x00000000f6000000)
 ParOldGen       total 508416K, used 472292K [0x00000000c0000000, 0x00000000df080000, 0x00000000eab00000)
  object space 508416K, 92% used [0x00000000c0000000,0x00000000dcd393d0,0x00000000df080000)
 Metaspace       used 99581K, committed 100736K, reserved 1146880K
  class space    used 10012K, committed 10496K, reserved 1048576K
}
Event: 9276.407 GC heap before
{Heap before GC invocations=3371 (full 128):
 PSYoungGen      total 152064K, used 151672K [0x00000000eab00000, 0x00000000f6000000, 0x0000000100000000)
  eden space 121856K, 100% used [0x00000000eab00000,0x00000000f2200000,0x00000000f2200000)
  from space 30208K, 98% used [0x00000000f2280000,0x00000000f3f9e210,0x00000000f4000000)
  to   space 31744K, 0% used [0x00000000f4100000,0x00000000f4100000,0x00000000f6000000)
 ParOldGen       total 508416K, used 472292K [0x00000000c0000000, 0x00000000df080000, 0x00000000eab00000)
  object space 508416K, 92% used [0x00000000c0000000,0x00000000dcd393d0,0x00000000df080000)
 Metaspace       used 99597K, committed 100736K, reserved 1146880K
  class space    used 10012K, committed 10496K, reserved 1048576K
}

